Started by user [8mha:////4JK5ob50soD8e0asQ8YHS97RI/hxLvVjLL8Yay25pEJfAAAAmh+LCAAAAAAAAP9b85aBtbiIQTGjNKU4P08vOT+vOD8nVc83PyU1x6OyILUoJzMv2y+/JJUBAhiZGBgqihhk0NSjKDWzXb3RdlLBUSYGJk8GtpzUvPSSDB8G5tKinBIGIZ+sxLJE/ZzEvHT94JKizLx0a6BxUmjGOUNodHsLgAyBEgY+/dLi1CL94sSUxOKMzDIA9EZkMMMAAAA=[0mSadashiv Avaradi
Obtained Jenkinsfile from git https://github.com/asadashiv/java-files.git
org.codehaus.groovy.control.MultipleCompilationErrorsException: startup failed:
WorkflowScript: 5: Unknown stage section "step". Starting with version 0.5, steps in a stage must be in a â€˜stepsâ€™ block. @ line 5, column 13.
               stage ('clone'){
               ^

WorkflowScript: 11: Expected to find â€˜someTool "someVersion"â€™ @ line 11, column 17.
                   tools {
                   ^

WorkflowScript: 5: Expected one of "steps", "stages", or "parallel" for stage "clone" @ line 5, column 13.
               stage ('clone'){
               ^

WorkflowScript: 13: Invalid tool type "step". Valid tool types: [ant, hudson.tasks.Ant$AntInstallation, git, hudson.plugins.git.GitTool, gradle, hudson.plugins.gradle.GradleInstallation, jdk, hudson.model.JDK, jgit, org.jenkinsci.plugins.gitclient.JGitTool, jgitapache, org.jenkinsci.plugins.gitclient.JGitApacheTool, maven, hudson.tasks.Maven$MavenInstallation] @ line 13, column 17.
                   step {
                   ^

WorkflowScript: 10: Expected one of "steps", "stages", or "parallel" for stage "Build" @ line 10, column 13.
               stage ('Build'){
               ^

5 errors

	at org.codehaus.groovy.control.ErrorCollector.failIfErrors(ErrorCollector.java:309)
	at org.codehaus.groovy.control.CompilationUnit.applyToPrimaryClassNodes(CompilationUnit.java:1107)
	at org.codehaus.groovy.control.CompilationUnit.doPhaseOperation(CompilationUnit.java:624)
	at org.codehaus.groovy.control.CompilationUnit.processPhaseOperations(CompilationUnit.java:602)
	at org.codehaus.groovy.control.CompilationUnit.compile(CompilationUnit.java:579)
	at groovy.lang.GroovyClassLoader.doParseClass(GroovyClassLoader.java:323)
	at groovy.lang.GroovyClassLoader.parseClass(GroovyClassLoader.java:293)
	at org.jenkinsci.plugins.scriptsecurity.sandbox.groovy.GroovySandbox$Scope.parse(GroovySandbox.java:163)
	at org.jenkinsci.plugins.workflow.cps.CpsGroovyShell.doParse(CpsGroovyShell.java:142)
	at org.jenkinsci.plugins.workflow.cps.CpsGroovyShell.reparse(CpsGroovyShell.java:127)
	at org.jenkinsci.plugins.workflow.cps.CpsFlowExecution.parseScript(CpsFlowExecution.java:562)
	at org.jenkinsci.plugins.workflow.cps.CpsFlowExecution.start(CpsFlowExecution.java:514)
	at org.jenkinsci.plugins.workflow.job.WorkflowRun.run(WorkflowRun.java:336)
	at hudson.model.ResourceController.execute(ResourceController.java:107)
	at hudson.model.Executor.run(Executor.java:449)
[withMaven] downstreamPipelineTriggerRunListener - Failure to introspect build steps: java.io.IOException: java deploy #30 did not yet start
[withMaven] downstreamPipelineTriggerRunListener - Failure to introspect build steps: java.io.IOException: java deploy #30 did not yet start
Finished: FAILURE
