Started by user [8mha:////4JK5ob50soD8e0asQ8YHS97RI/hxLvVjLL8Yay25pEJfAAAAmh+LCAAAAAAAAP9b85aBtbiIQTGjNKU4P08vOT+vOD8nVc83PyU1x6OyILUoJzMv2y+/JJUBAhiZGBgqihhk0NSjKDWzXb3RdlLBUSYGJk8GtpzUvPSSDB8G5tKinBIGIZ+sxLJE/ZzEvHT94JKizLx0a6BxUmjGOUNodHsLgAyBEgY+/dLi1CL94sSUxOKMzDIA9EZkMMMAAAA=[0mSadashiv Avaradi
Obtained Jenkinsfile from git https://github.com/asadashiv/java-files.git
org.codehaus.groovy.control.MultipleCompilationErrorsException: startup failed:
WorkflowScript: 1: Missing required section "stages" @ line 1, column 1.
   pipeline {
   ^

WorkflowScript: 4: Invalid tool type "maven3". Valid tool types: [ant, hudson.tasks.Ant$AntInstallation, git, hudson.plugins.git.GitTool, gradle, hudson.plugins.gradle.GradleInstallation, jdk, hudson.model.JDK, jgit, org.jenkinsci.plugins.gitclient.JGitTool, jgitapache, org.jenkinsci.plugins.gitclient.JGitApacheTool, maven, hudson.tasks.Maven$MavenInstallation] @ line 4, column 9.
           maven3 MAVEN_HOME
           ^

WorkflowScript: 5: Invalid tool type "stages". Valid tool types: [ant, hudson.tasks.Ant$AntInstallation, git, hudson.plugins.git.GitTool, gradle, hudson.plugins.gradle.GradleInstallation, jdk, hudson.model.JDK, jgit, org.jenkinsci.plugins.gitclient.JGitTool, jgitapache, org.jenkinsci.plugins.gitclient.JGitApacheTool, maven, hudson.tasks.Maven$MavenInstallation] @ line 5, column 9.
           stages{
           ^

3 errors

	at org.codehaus.groovy.control.ErrorCollector.failIfErrors(ErrorCollector.java:309)
	at org.codehaus.groovy.control.CompilationUnit.applyToPrimaryClassNodes(CompilationUnit.java:1107)
	at org.codehaus.groovy.control.CompilationUnit.doPhaseOperation(CompilationUnit.java:624)
	at org.codehaus.groovy.control.CompilationUnit.processPhaseOperations(CompilationUnit.java:602)
	at org.codehaus.groovy.control.CompilationUnit.compile(CompilationUnit.java:579)
	at groovy.lang.GroovyClassLoader.doParseClass(GroovyClassLoader.java:323)
	at groovy.lang.GroovyClassLoader.parseClass(GroovyClassLoader.java:293)
	at org.jenkinsci.plugins.scriptsecurity.sandbox.groovy.GroovySandbox$Scope.parse(GroovySandbox.java:163)
	at org.jenkinsci.plugins.workflow.cps.CpsGroovyShell.doParse(CpsGroovyShell.java:142)
	at org.jenkinsci.plugins.workflow.cps.CpsGroovyShell.reparse(CpsGroovyShell.java:127)
	at org.jenkinsci.plugins.workflow.cps.CpsFlowExecution.parseScript(CpsFlowExecution.java:562)
	at org.jenkinsci.plugins.workflow.cps.CpsFlowExecution.start(CpsFlowExecution.java:514)
	at org.jenkinsci.plugins.workflow.job.WorkflowRun.run(WorkflowRun.java:336)
	at hudson.model.ResourceController.execute(ResourceController.java:107)
	at hudson.model.Executor.run(Executor.java:449)
[withMaven] downstreamPipelineTriggerRunListener - Failure to introspect build steps: java.io.IOException: java deploy #22 did not yet start
[withMaven] downstreamPipelineTriggerRunListener - Failure to introspect build steps: java.io.IOException: java deploy #22 did not yet start
Finished: FAILURE
